2020-05-31 23:47:04 - PHP Warning:  mysqli::__construct(): (HY000/2002): No such file or directory in /home/alvin/Documents/JL/public_html/system/library/db/mysqli.php on line 7
2020-05-31 23:47:04 - PHP Warning:  DB\MySQLi::__construct(): Couldn't fetch mysqli in /home/alvin/Documents/JL/public_html/system/library/db/mysqli.php on line 10
2020-05-31 23:47:04 - PHP Warning:  DB\MySQLi::__construct(): Couldn't fetch mysqli in /home/alvin/Documents/JL/public_html/system/library/db/mysqli.php on line 10
2020-05-31 23:47:04 - PHP Notice:  Undefined variable: mysql in /home/alvin/Documents/JL/public_html/install/controller/install/step_3.php on line 280
2020-05-31 23:47:04 - PHP Notice:  Trying to get property 'connect_error' of non-object in /home/alvin/Documents/JL/public_html/install/controller/install/step_3.php on line 280
2020-06-01 0:20:38 - PHP Warning:  mysqli::__construct(): (HY000/2002): No such file or directory in /home/alvin/Documents/JL/public_html/system/library/db/mysqli.php on line 7
2020-06-01 0:20:38 - PHP Warning:  DB\MySQLi::__construct(): Couldn't fetch mysqli in /home/alvin/Documents/JL/public_html/system/library/db/mysqli.php on line 10
2020-06-01 0:20:38 - PHP Warning:  DB\MySQLi::__construct(): Couldn't fetch mysqli in /home/alvin/Documents/JL/public_html/system/library/db/mysqli.php on line 10
2020-06-01 0:20:38 - PHP Notice:  Undefined variable: mysql in /home/alvin/Documents/JL/public_html/install/controller/install/step_3.php on line 280
2020-06-01 0:20:38 - PHP Notice:  Trying to get property 'connect_error' of non-object in /home/alvin/Documents/JL/public_html/install/controller/install/step_3.php on line 280
2020-06-01 0:21:17 - PHP Warning:  mysqli::__construct(): (HY000/2002): Connection refused in /home/alvin/Documents/JL/public_html/system/library/db/mysqli.php on line 7
2020-06-01 0:21:17 - PHP Warning:  DB\MySQLi::__construct(): Couldn't fetch mysqli in /home/alvin/Documents/JL/public_html/system/library/db/mysqli.php on line 10
2020-06-01 0:21:17 - PHP Warning:  DB\MySQLi::__construct(): Couldn't fetch mysqli in /home/alvin/Documents/JL/public_html/system/library/db/mysqli.php on line 10
2020-06-01 0:21:17 - PHP Notice:  Undefined variable: mysql in /home/alvin/Documents/JL/public_html/install/controller/install/step_3.php on line 280
2020-06-01 0:21:17 - PHP Notice:  Trying to get property 'connect_error' of non-object in /home/alvin/Documents/JL/public_html/install/controller/install/step_3.php on line 280
2020-06-01 0:21:32 - PHP Warning:  mysqli::__construct(): (HY000/2002): Connection refused in /home/alvin/Documents/JL/public_html/system/library/db/mysqli.php on line 7
2020-06-01 0:21:32 - PHP Warning:  DB\MySQLi::__construct(): Couldn't fetch mysqli in /home/alvin/Documents/JL/public_html/system/library/db/mysqli.php on line 10
2020-06-01 0:21:32 - PHP Warning:  DB\MySQLi::__construct(): Couldn't fetch mysqli in /home/alvin/Documents/JL/public_html/system/library/db/mysqli.php on line 10
2020-06-01 0:21:32 - PHP Notice:  Undefined variable: mysql in /home/alvin/Documents/JL/public_html/install/controller/install/step_3.php on line 280
2020-06-01 0:21:32 - PHP Notice:  Trying to get property 'connect_error' of non-object in /home/alvin/Documents/JL/public_html/install/controller/install/step_3.php on line 280
2020-06-01 0:21:56 - PHP Warning:  mysqli::__construct(): (HY000/2002): Connection refused in /home/alvin/Documents/JL/public_html/system/library/db/mysqli.php on line 7
2020-06-01 0:21:56 - PHP Warning:  DB\MySQLi::__construct(): Couldn't fetch mysqli in /home/alvin/Documents/JL/public_html/system/library/db/mysqli.php on line 10
2020-06-01 0:21:56 - PHP Warning:  DB\MySQLi::__construct(): Couldn't fetch mysqli in /home/alvin/Documents/JL/public_html/system/library/db/mysqli.php on line 10
2020-06-01 0:21:56 - PHP Notice:  Undefined variable: mysql in /home/alvin/Documents/JL/public_html/install/controller/install/step_3.php on line 280
2020-06-01 0:21:56 - PHP Notice:  Trying to get property 'connect_error' of non-object in /home/alvin/Documents/JL/public_html/install/controller/install/step_3.php on line 280
2020-06-01 0:51:50 - PHP Warning:  mysqli::__construct(): (HY000/1130): Host '172.17.0.1' is not allowed to connect to this MySQL server in /home/alvin/Documents/JL/public_html/system/library/db/mysqli.php on line 7
2020-06-01 0:51:50 - PHP Warning:  DB\MySQLi::__construct(): Couldn't fetch mysqli in /home/alvin/Documents/JL/public_html/system/library/db/mysqli.php on line 10
2020-06-01 0:51:50 - PHP Warning:  DB\MySQLi::__construct(): Couldn't fetch mysqli in /home/alvin/Documents/JL/public_html/system/library/db/mysqli.php on line 10
2020-06-01 0:51:50 - PHP Notice:  Undefined variable: mysql in /home/alvin/Documents/JL/public_html/install/controller/install/step_3.php on line 280
2020-06-01 0:51:50 - PHP Notice:  Trying to get property 'connect_error' of non-object in /home/alvin/Documents/JL/public_html/install/controller/install/step_3.php on line 280
2020-06-01 0:51:54 - PHP Warning:  mysqli::__construct(): (HY000/1130): Host '172.17.0.1' is not allowed to connect to this MySQL server in /home/alvin/Documents/JL/public_html/system/library/db/mysqli.php on line 7
2020-06-01 0:51:54 - PHP Warning:  DB\MySQLi::__construct(): Couldn't fetch mysqli in /home/alvin/Documents/JL/public_html/system/library/db/mysqli.php on line 10
2020-06-01 0:51:54 - PHP Warning:  DB\MySQLi::__construct(): Couldn't fetch mysqli in /home/alvin/Documents/JL/public_html/system/library/db/mysqli.php on line 10
2020-06-01 0:51:54 - PHP Notice:  Undefined variable: mysql in /home/alvin/Documents/JL/public_html/install/controller/install/step_3.php on line 280
2020-06-01 0:51:54 - PHP Notice:  Trying to get property 'connect_error' of non-object in /home/alvin/Documents/JL/public_html/install/controller/install/step_3.php on line 280
2020-06-01 1:00:45 - PHP Warning:  mysqli::__construct(): (HY000/1049): Unknown database 'jackielingerie' in /home/alvin/Documents/JL/public_html/system/library/db/mysqli.php on line 7
2020-06-01 1:00:45 - PHP Warning:  DB\MySQLi::__construct(): Couldn't fetch mysqli in /home/alvin/Documents/JL/public_html/system/library/db/mysqli.php on line 10
2020-06-01 1:00:45 - PHP Warning:  DB\MySQLi::__construct(): Couldn't fetch mysqli in /home/alvin/Documents/JL/public_html/system/library/db/mysqli.php on line 10
2020-06-01 1:00:45 - PHP Notice:  Undefined variable: mysql in /home/alvin/Documents/JL/public_html/install/controller/install/step_3.php on line 280
2020-06-01 1:00:45 - PHP Notice:  Trying to get property 'connect_error' of non-object in /home/alvin/Documents/JL/public_html/install/controller/install/step_3.php on line 280
2020-06-01 1:50:31 - PHP Warning:  mysqli::__construct(): (HY000/2002): No such file or directory in /home/alvin/Documents/JL/public_html/system/library/db/mysqli.php on line 7
2020-06-01 1:50:31 - PHP Warning:  DB\MySQLi::__construct(): Couldn't fetch mysqli in /home/alvin/Documents/JL/public_html/system/library/db/mysqli.php on line 10
2020-06-01 1:50:31 - PHP Warning:  DB\MySQLi::__construct(): Couldn't fetch mysqli in /home/alvin/Documents/JL/public_html/system/library/db/mysqli.php on line 10
2020-06-01 1:50:31 - PHP Notice:  Undefined variable: mysql in /home/alvin/Documents/JL/public_html/install/controller/install/step_3.php on line 280
2020-06-01 1:50:31 - PHP Notice:  Trying to get property 'connect_error' of non-object in /home/alvin/Documents/JL/public_html/install/controller/install/step_3.php on line 280
